
2024/06/05 (12:35:55) | ===> btop++ v.1.3.2
2024/06/05 (12:35:55) | INFO: Logger set to DEBUG
2024/06/05 (12:35:55) | DEBUG: Setting LC_ALL=en_US.UTF-8
2024/06/05 (12:35:55) | INFO: Running on /dev/pts/0
2024/06/05 (12:35:55) | INFO: Failed to load librocm_smi64.so, AMD GPUs will not be detected: librocm_smi64.so.6: cannot open shared object file: No such file or directory
2024/06/05 (12:35:55) | DEBUG: Shared::init() : Initialized.
2024/06/05 (12:35:55) | DEBUG: Loading theme file: /home/zvdy/.config/btop/themes/catppuccin_mocha.theme
2024/06/05 (12:35:57) | DEBUG: Writing new config file
2024/06/05 (12:35:57) | INFO: Quitting! Runtime: 00:00:02

2024/06/05 (12:36:01) | ===> btop++ v.1.3.2
2024/06/05 (12:36:01) | INFO: Logger set to DEBUG
2024/06/05 (12:36:01) | DEBUG: Setting LC_ALL=en_US.UTF-8
2024/06/05 (12:36:01) | INFO: Running on /dev/pts/1
2024/06/05 (12:36:01) | INFO: Failed to load librocm_smi64.so, AMD GPUs will not be detected: librocm_smi64.so.6: cannot open shared object file: No such file or directory
2024/06/05 (12:36:01) | DEBUG: Shared::init() : Initialized.
2024/06/05 (12:36:01) | DEBUG: Loading theme file: /home/zvdy/.config/btop/themes/catppuccin_mocha.theme
2024/06/05 (12:36:23) | INFO: Quitting! Runtime: 00:00:22

2024/06/05 (17:48:41) | ===> btop++ v.1.3.2
2024/06/05 (17:48:41) | INFO: Logger set to DEBUG
2024/06/05 (17:48:41) | DEBUG: Setting LC_ALL=en_US.UTF-8
2024/06/05 (17:48:41) | INFO: Running on /dev/pts/2
2024/06/05 (17:48:42) | INFO: Failed to load librocm_smi64.so, AMD GPUs will not be detected: librocm_smi64.so.6: cannot open shared object file: No such file or directory
2024/06/05 (17:48:42) | DEBUG: Shared::init() : Initialized.
2024/06/05 (17:48:42) | DEBUG: Loading theme file: /home/zvdy/.config/btop/themes/catppuccin_mocha.theme
2024/06/05 (17:52:17) | INFO: Quitting! Runtime: 00:03:36

2024/06/05 (20:55:12) | ===> btop++ v.1.3.2
2024/06/05 (20:55:12) | INFO: Logger set to DEBUG
2024/06/05 (20:55:12) | DEBUG: Setting LC_ALL=en_US.UTF-8
2024/06/05 (20:55:12) | INFO: Running on /dev/pts/0
2024/06/05 (20:55:12) | INFO: Failed to load librocm_smi64.so, AMD GPUs will not be detected: librocm_smi64.so.6: cannot open shared object file: No such file or directory
2024/06/05 (20:55:12) | DEBUG: Shared::init() : Initialized.
2024/06/05 (20:55:12) | DEBUG: Loading theme file: /home/zvdy/.config/btop/themes/catppuccin_mocha.theme
2024/06/05 (20:57:56) | INFO: Quitting! Runtime: 00:02:44

2024/06/05 (21:26:26) | ===> btop++ v.1.3.2
2024/06/05 (21:26:26) | INFO: Logger set to DEBUG
2024/06/05 (21:26:26) | DEBUG: Setting LC_ALL=en_US.UTF-8
2024/06/05 (21:26:26) | INFO: Running on /dev/pts/4
2024/06/05 (21:26:26) | INFO: Failed to load librocm_smi64.so, AMD GPUs will not be detected: librocm_smi64.so.6: cannot open shared object file: No such file or directory
2024/06/05 (21:26:26) | DEBUG: Shared::init() : Initialized.
2024/06/05 (21:26:26) | DEBUG: Loading theme file: /home/zvdy/.config/btop/themes/catppuccin_mocha.theme
2024/06/05 (21:32:21) | INFO: Quitting! Runtime: 00:05:55

2024/06/06 (00:45:46) | ===> btop++ v.1.3.2
2024/06/06 (00:45:46) | INFO: Logger set to DEBUG
2024/06/06 (00:45:46) | DEBUG: Setting LC_ALL=en_US.UTF-8
2024/06/06 (00:45:46) | INFO: Running on /dev/pts/0
2024/06/06 (00:45:46) | INFO: Failed to load librocm_smi64.so, AMD GPUs will not be detected: librocm_smi64.so.6: cannot open shared object file: No such file or directory
2024/06/06 (00:45:46) | DEBUG: Shared::init() : Initialized.
2024/06/06 (00:45:46) | DEBUG: Loading theme file: /home/zvdy/.config/btop/themes/catppuccin_mocha.theme
2024/06/06 (00:45:55) | INFO: Quitting! Runtime: 00:00:09

2024/06/07 (00:52:14) | ===> btop++ v.1.3.2
2024/06/07 (00:52:14) | INFO: Logger set to DEBUG
2024/06/07 (00:52:14) | DEBUG: Setting LC_ALL=en_US.UTF-8
2024/06/07 (00:52:14) | INFO: Running on /dev/pts/1
2024/06/07 (00:52:14) | INFO: Failed to load librocm_smi64.so, AMD GPUs will not be detected: librocm_smi64.so.6: cannot open shared object file: No such file or directory
2024/06/07 (00:52:14) | DEBUG: Shared::init() : Initialized.
2024/06/07 (00:52:14) | DEBUG: Loading theme file: /home/zvdy/.config/btop/themes/catppuccin_mocha.theme

2024/06/09 (19:12:43) | ===> btop++ v.1.3.2
2024/06/09 (19:12:43) | INFO: Logger set to DEBUG
2024/06/09 (19:12:43) | DEBUG: Setting LC_ALL=en_US.UTF-8
2024/06/09 (19:12:43) | INFO: Running on /dev/pts/0
2024/06/09 (19:12:43) | INFO: Failed to load librocm_smi64.so, AMD GPUs will not be detected: librocm_smi64.so.6: cannot open shared object file: No such file or directory
2024/06/09 (19:12:43) | DEBUG: Shared::init() : Initialized.
2024/06/09 (19:12:43) | DEBUG: Loading theme file: /home/zvdy/.config/btop/themes/catppuccin_mocha.theme

2024/06/09 (19:19:35) | ===> btop++ v.1.3.2
2024/06/09 (19:19:35) | INFO: Logger set to DEBUG
2024/06/09 (19:19:35) | DEBUG: Setting LC_ALL=en_US.UTF-8
2024/06/09 (19:19:35) | INFO: Running on /dev/pts/0
2024/06/09 (19:19:35) | INFO: Failed to load librocm_smi64.so, AMD GPUs will not be detected: librocm_smi64.so.6: cannot open shared object file: No such file or directory
2024/06/09 (19:19:35) | DEBUG: Shared::init() : Initialized.
2024/06/09 (19:19:35) | DEBUG: Loading theme file: /home/zvdy/.config/btop/themes/catppuccin_mocha.theme
2024/06/09 (19:30:28) | INFO: Quitting! Runtime: 00:10:53

2024/06/10 (00:05:46) | ===> btop++ v.1.3.2
2024/06/10 (00:05:46) | INFO: Logger set to DEBUG
2024/06/10 (00:05:46) | DEBUG: Setting LC_ALL=en_US.UTF-8
2024/06/10 (00:05:46) | INFO: Running on /dev/pts/1
2024/06/10 (00:05:46) | INFO: Failed to load librocm_smi64.so, AMD GPUs will not be detected: librocm_smi64.so.6: cannot open shared object file: No such file or directory
2024/06/10 (00:05:46) | DEBUG: Shared::init() : Initialized.
2024/06/10 (00:05:46) | DEBUG: Loading theme file: /home/zvdy/.config/btop/themes/catppuccin_mocha.theme

2024/07/04 (22:32:05) | ===> btop++ v.1.3.2
2024/07/04 (22:32:05) | INFO: Logger set to DEBUG
2024/07/04 (22:32:05) | DEBUG: Setting LC_ALL=en_US.UTF-8
2024/07/04 (22:32:05) | INFO: Running on /dev/pts/0
2024/07/04 (22:32:05) | INFO: Failed to load librocm_smi64.so, AMD GPUs will not be detected: librocm_smi64.so.6: cannot open shared object file: No such file or directory
2024/07/04 (22:32:05) | DEBUG: Shared::init() : Initialized.
2024/07/04 (22:32:05) | DEBUG: Loading theme file: /home/zvdy/.config/btop/themes/catppuccin_mocha.theme
2024/07/04 (23:06:55) | INFO: Quitting! Runtime: 00:34:50

2024/07/05 (12:59:37) | ===> btop++ v.1.3.2
2024/07/05 (12:59:37) | INFO: Logger set to DEBUG
2024/07/05 (12:59:37) | DEBUG: Setting LC_ALL=en_US.UTF-8
2024/07/05 (12:59:37) | INFO: Running on /dev/pts/1
2024/07/05 (12:59:37) | INFO: Failed to load librocm_smi64.so, AMD GPUs will not be detected: librocm_smi64.so.6: cannot open shared object file: No such file or directory
2024/07/05 (12:59:37) | DEBUG: Shared::init() : Initialized.
2024/07/05 (12:59:37) | DEBUG: Loading theme file: /home/zvdy/.config/btop/themes/catppuccin_mocha.theme
2024/07/05 (13:04:22) | INFO: Quitting! Runtime: 00:04:45

2024/07/06 (00:02:52) | ===> btop++ v.1.3.2
2024/07/06 (00:02:52) | INFO: Logger set to DEBUG
2024/07/06 (00:02:52) | DEBUG: Setting LC_ALL=en_US.UTF-8
2024/07/06 (00:02:52) | INFO: Running on /dev/pts/0
2024/07/06 (00:02:52) | INFO: Failed to load librocm_smi64.so, AMD GPUs will not be detected: librocm_smi64.so.6: cannot open shared object file: No such file or directory
2024/07/06 (00:02:52) | DEBUG: Shared::init() : Initialized.
2024/07/06 (00:02:52) | DEBUG: Loading theme file: /home/zvdy/.config/btop/themes/catppuccin_mocha.theme
2024/07/06 (00:05:22) | DEBUG: Writing new config file
2024/07/06 (00:05:22) | INFO: Quitting! Runtime: 00:02:30

2024/07/15 (20:27:04) | ===> btop++ v.1.3.2
2024/07/15 (20:27:04) | INFO: Logger set to DEBUG
2024/07/15 (20:27:04) | DEBUG: Setting LC_ALL=en_US.UTF-8
2024/07/15 (20:27:04) | INFO: Running on /dev/pts/1
2024/07/15 (20:27:04) | INFO: Failed to load librocm_smi64.so, AMD GPUs will not be detected: librocm_smi64.so.6: cannot open shared object file: No such file or directory
2024/07/15 (20:27:04) | DEBUG: Shared::init() : Initialized.
2024/07/15 (20:27:04) | DEBUG: Loading theme file: /home/zvdy/.config/btop/themes/catppuccin_mocha.theme
2024/07/15 (20:29:05) | INFO: Quitting! Runtime: 00:02:01

2024/07/22 (23:29:08) | ===> btop++ v.1.3.2
2024/07/22 (23:29:08) | INFO: Logger set to DEBUG
2024/07/22 (23:29:08) | DEBUG: Setting LC_ALL=en_US.UTF-8
2024/07/22 (23:29:08) | INFO: Running on /dev/pts/1
2024/07/22 (23:29:08) | INFO: Failed to load librocm_smi64.so, AMD GPUs will not be detected: librocm_smi64.so.6: cannot open shared object file: No such file or directory
2024/07/22 (23:29:08) | DEBUG: Shared::init() : Initialized.
2024/07/22 (23:29:08) | DEBUG: Loading theme file: /home/zvdy/.config/btop/themes/catppuccin_mocha.theme

2024/07/23 (12:23:02) | ===> btop++ v.1.3.2
2024/07/23 (12:23:02) | INFO: Logger set to DEBUG
2024/07/23 (12:23:02) | DEBUG: Setting LC_ALL=en_US.UTF-8
2024/07/23 (12:23:02) | INFO: Running on /dev/pts/0
2024/07/23 (12:23:02) | INFO: Failed to load librocm_smi64.so, AMD GPUs will not be detected: librocm_smi64.so.6: cannot open shared object file: No such file or directory
2024/07/23 (12:23:02) | DEBUG: Shared::init() : Initialized.
2024/07/23 (12:23:02) | DEBUG: Loading theme file: /home/zvdy/.config/btop/themes/catppuccin_mocha.theme

2024/07/24 (13:14:04) | ===> btop++ v.1.3.2
2024/07/24 (13:14:04) | INFO: Logger set to DEBUG
2024/07/24 (13:14:04) | DEBUG: Setting LC_ALL=en_US.UTF-8
2024/07/24 (13:14:04) | INFO: Running on /dev/pts/0
2024/07/24 (13:14:04) | INFO: Failed to load librocm_smi64.so, AMD GPUs will not be detected: librocm_smi64.so.6: cannot open shared object file: No such file or directory
2024/07/24 (13:14:04) | DEBUG: Shared::init() : Initialized.
2024/07/24 (13:14:04) | DEBUG: Loading theme file: /home/zvdy/.config/btop/themes/catppuccin_mocha.theme

2024/08/05 (12:18:00) | ===> btop++ v.1.3.2
2024/08/05 (12:18:00) | INFO: Logger set to DEBUG
2024/08/05 (12:18:00) | DEBUG: Setting LC_ALL=en_US.UTF-8
2024/08/05 (12:18:00) | INFO: Running on /dev/pts/0
2024/08/05 (12:18:00) | INFO: Failed to load librocm_smi64.so, AMD GPUs will not be detected: librocm_smi64.so.6: cannot open shared object file: No such file or directory
2024/08/05 (12:18:00) | DEBUG: Shared::init() : Initialized.
2024/08/05 (12:18:00) | DEBUG: Loading theme file: /home/zvdy/.config/btop/themes/catppuccin_mocha.theme

2024/08/10 (12:21:36) | ===> btop++ v.1.3.2
2024/08/10 (12:21:36) | INFO: Logger set to DEBUG
2024/08/10 (12:21:36) | DEBUG: Setting LC_ALL=en_US.UTF-8
2024/08/10 (12:21:36) | INFO: Running on /dev/pts/2
2024/08/10 (12:21:36) | INFO: Failed to load librocm_smi64.so, AMD GPUs will not be detected: librocm_smi64.so.6: cannot open shared object file: No such file or directory
2024/08/10 (12:21:36) | DEBUG: Shared::init() : Initialized.
2024/08/10 (12:21:36) | DEBUG: Loading theme file: /home/zvdy/.config/btop/themes/catppuccin_mocha.theme

2024/08/11 (14:37:11) | ===> btop++ v.1.3.2
2024/08/11 (14:37:11) | INFO: Logger set to DEBUG
2024/08/11 (14:37:11) | DEBUG: Setting LC_ALL=en_US.UTF-8
2024/08/11 (14:37:11) | INFO: Running on /dev/pts/2
2024/08/11 (14:37:11) | INFO: Failed to load librocm_smi64.so, AMD GPUs will not be detected: librocm_smi64.so.6: cannot open shared object file: No such file or directory
2024/08/11 (14:37:11) | DEBUG: Shared::init() : Initialized.
2024/08/11 (14:37:11) | DEBUG: Loading theme file: /home/zvdy/.config/btop/themes/catppuccin_mocha.theme

2024/08/11 (15:56:11) | ===> btop++ v.1.3.2
2024/08/11 (15:56:11) | INFO: Logger set to DEBUG
2024/08/11 (15:56:11) | DEBUG: Setting LC_ALL=en_US.UTF-8
2024/08/11 (15:56:11) | INFO: Running on /dev/pts/3
2024/08/11 (15:56:11) | INFO: Failed to load librocm_smi64.so, AMD GPUs will not be detected: librocm_smi64.so.6: cannot open shared object file: No such file or directory
2024/08/11 (15:56:11) | DEBUG: Shared::init() : Initialized.
2024/08/11 (15:56:11) | DEBUG: Loading theme file: /home/zvdy/.config/btop/themes/catppuccin_mocha.theme

2024/08/22 (12:57:36) | ===> btop++ v.1.3.2
2024/08/22 (12:57:36) | INFO: Logger set to DEBUG
2024/08/22 (12:57:36) | DEBUG: Setting LC_ALL=en_US.UTF-8
2024/08/22 (12:57:36) | INFO: Running on /dev/pts/0
2024/08/22 (12:57:36) | INFO: Failed to load librocm_smi64.so, AMD GPUs will not be detected: librocm_smi64.so.6: cannot open shared object file: No such file or directory
2024/08/22 (12:57:36) | DEBUG: Shared::init() : Initialized.
2024/08/22 (12:57:36) | DEBUG: Loading theme file: /home/zvdy/.config/btop/themes/catppuccin_mocha.theme

2024/08/24 (14:55:51) | ===> btop++ v.1.3.2
2024/08/24 (14:55:51) | INFO: Logger set to DEBUG
2024/08/24 (14:55:51) | DEBUG: Setting LC_ALL=en_US.UTF-8
2024/08/24 (14:55:51) | INFO: Running on /dev/pts/0
2024/08/24 (14:55:51) | INFO: Failed to load librocm_smi64.so, AMD GPUs will not be detected: librocm_smi64.so.6: cannot open shared object file: No such file or directory
2024/08/24 (14:55:51) | DEBUG: Shared::init() : Initialized.
2024/08/24 (14:55:51) | DEBUG: Loading theme file: /home/zvdy/.config/btop/themes/catppuccin_mocha.theme
2024/08/24 (17:08:59) | INFO: Quitting! Runtime: 02:13:08

2024/08/28 (15:17:19) | ===> btop++ v.1.3.2
2024/08/28 (15:17:19) | INFO: Logger set to DEBUG
2024/08/28 (15:17:19) | DEBUG: Setting LC_ALL=en_US.UTF-8
2024/08/28 (15:17:19) | INFO: Running on /dev/pts/0
2024/08/28 (15:17:19) | INFO: Failed to load librocm_smi64.so, AMD GPUs will not be detected: librocm_smi64.so.6: cannot open shared object file: No such file or directory
2024/08/28 (15:17:19) | DEBUG: Shared::init() : Initialized.
2024/08/28 (15:17:19) | DEBUG: Loading theme file: /home/zvdy/.config/btop/themes/catppuccin_mocha.theme
2024/08/28 (15:17:21) | INFO: Quitting! Runtime: 00:00:02

2024/08/28 (15:17:46) | ===> btop++ v.1.3.2
2024/08/28 (15:17:46) | INFO: Logger set to DEBUG
2024/08/28 (15:17:46) | DEBUG: Setting LC_ALL=en_US.UTF-8
2024/08/28 (15:17:46) | INFO: Running on /dev/pts/1
2024/08/28 (15:17:46) | INFO: Failed to load librocm_smi64.so, AMD GPUs will not be detected: librocm_smi64.so.6: cannot open shared object file: No such file or directory
2024/08/28 (15:17:46) | DEBUG: Shared::init() : Initialized.
2024/08/28 (15:17:46) | DEBUG: Loading theme file: /home/zvdy/.config/btop/themes/catppuccin_mocha.theme
2024/08/28 (15:19:16) | INFO: Quitting! Runtime: 00:01:30

2024/09/02 (10:37:08) | ===> btop++ v.1.3.2
2024/09/02 (10:37:08) | INFO: Logger set to DEBUG
2024/09/02 (10:37:08) | DEBUG: Setting LC_ALL=en_US.UTF-8
2024/09/02 (10:37:08) | INFO: Running on /dev/pts/0
2024/09/02 (10:37:08) | INFO: Failed to load librocm_smi64.so, AMD GPUs will not be detected: librocm_smi64.so.6: cannot open shared object file: No such file or directory
2024/09/02 (10:37:08) | DEBUG: Shared::init() : Initialized.
2024/09/02 (10:37:08) | DEBUG: Loading theme file: /home/zvdy/.config/btop/themes/catppuccin_mocha.theme
2024/09/02 (11:34:09) | INFO: Quitting! Runtime: 00:57:01

2024/09/03 (17:57:19) | ===> btop++ v.1.3.2
2024/09/03 (17:57:19) | INFO: Logger set to DEBUG
2024/09/03 (17:57:19) | DEBUG: Setting LC_ALL=en_US.UTF-8
2024/09/03 (17:57:19) | INFO: Running on /dev/pts/0
2024/09/03 (17:57:19) | INFO: Failed to load librocm_smi64.so, AMD GPUs will not be detected: librocm_smi64.so.6: cannot open shared object file: No such file or directory
2024/09/03 (17:57:19) | DEBUG: Shared::init() : Initialized.
2024/09/03 (17:57:19) | DEBUG: Loading theme file: /home/zvdy/.config/btop/themes/catppuccin_mocha.theme

2024/09/13 (11:57:39) | ===> btop++ v.1.3.2
2024/09/13 (11:57:39) | INFO: Logger set to DEBUG
2024/09/13 (11:57:39) | DEBUG: Setting LC_ALL=en_US.UTF-8
2024/09/13 (11:57:39) | INFO: Running on /dev/pts/0
2024/09/13 (11:57:39) | INFO: Failed to load librocm_smi64.so, AMD GPUs will not be detected: librocm_smi64.so.6: cannot open shared object file: No such file or directory
2024/09/13 (11:57:39) | DEBUG: Shared::init() : Initialized.
2024/09/13 (11:57:39) | DEBUG: Loading theme file: /home/zvdy/.config/btop/themes/catppuccin_mocha.theme

2024/09/14 (12:18:40) | ===> btop++ v.1.3.2
2024/09/14 (12:18:40) | INFO: Logger set to DEBUG
2024/09/14 (12:18:40) | DEBUG: Setting LC_ALL=en_US.UTF-8
2024/09/14 (12:18:40) | INFO: Running on /dev/pts/2
2024/09/14 (12:18:40) | INFO: Failed to load librocm_smi64.so, AMD GPUs will not be detected: librocm_smi64.so.6: cannot open shared object file: No such file or directory
2024/09/14 (12:18:40) | DEBUG: Shared::init() : Initialized.
2024/09/14 (12:18:40) | DEBUG: Loading theme file: /home/zvdy/.config/btop/themes/catppuccin_mocha.theme

2024/09/14 (12:21:52) | ===> btop++ v.1.3.2
2024/09/14 (12:21:52) | INFO: Logger set to DEBUG
2024/09/14 (12:21:52) | DEBUG: Setting LC_ALL=en_US.UTF-8
2024/09/14 (12:21:52) | INFO: Running on /dev/pts/2
2024/09/14 (12:21:52) | INFO: Failed to load librocm_smi64.so, AMD GPUs will not be detected: librocm_smi64.so.6: cannot open shared object file: No such file or directory
2024/09/14 (12:21:52) | DEBUG: Shared::init() : Initialized.
2024/09/14 (12:21:52) | DEBUG: Loading theme file: /home/zvdy/.config/btop/themes/catppuccin_mocha.theme

2024/09/18 (11:57:20) | ===> btop++ v.1.3.2
2024/09/18 (11:57:20) | INFO: Logger set to DEBUG
2024/09/18 (11:57:20) | DEBUG: Setting LC_ALL=en_US.UTF-8
2024/09/18 (11:57:20) | INFO: Running on /dev/pts/0
2024/09/18 (11:57:20) | INFO: Failed to load librocm_smi64.so, AMD GPUs will not be detected: librocm_smi64.so.6: cannot open shared object file: No such file or directory
2024/09/18 (11:57:20) | DEBUG: Shared::init() : Initialized.
2024/09/18 (11:57:20) | DEBUG: Loading theme file: /home/zvdy/.config/btop/themes/catppuccin_mocha.theme

2024/09/25 (10:57:17) | ===> btop++ v.1.3.2
2024/09/25 (10:57:17) | INFO: Logger set to DEBUG
2024/09/25 (10:57:17) | DEBUG: Setting LC_ALL=en_US.UTF-8
2024/09/25 (10:57:17) | INFO: Running on /dev/pts/0
2024/09/25 (10:57:17) | INFO: Failed to load librocm_smi64.so, AMD GPUs will not be detected: librocm_smi64.so.6: cannot open shared object file: No such file or directory
2024/09/25 (10:57:17) | DEBUG: Shared::init() : Initialized.
2024/09/25 (10:57:17) | DEBUG: Loading theme file: /home/zvdy/.config/btop/themes/catppuccin_mocha.theme
2024/09/25 (11:09:33) | DEBUG: Writing new config file
2024/09/25 (11:09:33) | INFO: Quitting! Runtime: 00:12:16

2024/10/08 (10:20:01) | ===> btop++ v.1.4.0
2024/10/08 (10:20:01) | INFO: Logger set to DEBUG
2024/10/08 (10:20:01) | DEBUG: Setting LC_ALL=en_US.UTF-8
2024/10/08 (10:20:01) | INFO: Running on /dev/pts/0
2024/10/08 (10:20:01) | INFO: Failed to load librocm_smi64.so, AMD GPUs will not be detected: librocm_smi64.so.6: cannot open shared object file: No such file or directory
2024/10/08 (10:20:01) | DEBUG: Failed to find Intel GPU sysfs path, Intel GPUs will not be detected
2024/10/08 (10:20:01) | DEBUG: Shared::init() : Initialized.
2024/10/08 (10:20:01) | DEBUG: Loading theme file: /home/zvdy/.config/btop/themes/catppuccin_mocha.theme

2024/10/24 (18:15:17) | ===> btop++ v.1.4.0
2024/10/24 (18:15:17) | INFO: Logger set to DEBUG
2024/10/24 (18:15:17) | DEBUG: Setting LC_ALL=en_US.UTF-8
2024/10/24 (18:15:17) | INFO: Running on /dev/pts/0
2024/10/24 (18:15:17) | INFO: Failed to load librocm_smi64.so, AMD GPUs will not be detected: librocm_smi64.so.6: cannot open shared object file: No such file or directory
2024/10/24 (18:15:17) | DEBUG: Failed to find Intel GPU sysfs path, Intel GPUs will not be detected
2024/10/24 (18:15:17) | DEBUG: Shared::init() : Initialized.
2024/10/24 (18:15:17) | DEBUG: Loading theme file: /home/zvdy/.config/btop/themes/catppuccin_mocha.theme
2024/10/24 (18:24:53) | DEBUG: Writing new config file
2024/10/24 (18:24:53) | INFO: Quitting! Runtime: 00:09:36
